0
2 3 0 
2 4 0 
2 5 0 
2 6 0 
2 7 0 
2 8 0 
2 9 0 
2 10 0 
2 11 0 
2 12 0 
2 13 0 
2 14 0 
2 15 0 
2 16 0 
2 17 0 
2 18 0 
2 19 0 
2 20 0 
2 21 0 
2 22 0 
2 23 0 
2 24 0 
2 25 0 
2 26 0 
2 27 0 
2 28 0 
2 103 0 
2 29 0 
2 104 0 
2 30 0 
2 105 0 
2 31 0 
2 106 0 
2 32 0 
2 107 0 
2 33 0 
2 108 0 
2 34 0 
2 109 0 
2 35 0 
2 110 0 
2 36 0 
2 111 0 
2 37 0 
2 112 0 
2 38 0 
2 113 0 
2 39 0 
2 114 0 
2 40 0 
2 115 0 
2 41 0 
2 116 0 
2 42 0 
2 117 0 
2 43 0 
2 118 0 
2 44 0 
2 119 0 
2 45 0 
2 120 0 
2 46 0 
2 121 0 
2 47 0 
2 122 0 
2 48 0 
2 123 0 
2 49 0 
2 124 0 
2 50 0 
2 125 0 
2 51 0 
2 126 0 
2 52 0 
2 127 0 
2 128 0 
2 129 0 
2 130 0 
2 131 0 
2 132 0 
2 133 0 
2 134 0 
2 135 0 
2 136 0 
2 137 0 
2 138 0 
2 139 0 
2 140 0 
2 141 0 
2 142 0 
2 143 0 
2 144 0 
2 145 0 
2 146 0 
2 147 0 
2 148 0 
2 149 0 
2 150 0 
2 151 0 
2 152 0 
2 53 0 
2 90 0 
2 54 0 
2 84 0 
2 55 0 
2 91 0 
2 56 0 
2 81 0 
2 57 0 
2 92 0 
2 58 0 
2 85 0 
2 59 0 
2 93 0 
2 60 0 
2 78 0 
2 61 0 
2 94 0 
2 62 0 
2 86 10 
2 63 0 
2 95 0 
2 64 0 
2 82 0 
2 65 0 
2 96 0 
2 66 0 
2 87 0 
2 67 0 
2 97 0 
2 68 0 
2 80 0 
2 69 0 
2 98 0 
2 70 0 
2 88 0 
2 71 0 
2 99 0 
2 72 0 
2 83 0 
2 73 0 
2 100 0 
2 74 0 
2 89 0 
2 75 0 
2 101 0 
2 76 0 
2 79 0 
2 77 0 
2 102 0 
3 153 0 
4 154 0 
5 155 0 
6 156 0 
7 157 0 
8 158 0 
9 159 0 
10 160 0 
11 161 0 
12 162 0 
13 163 0 
14 164 0 
15 165 0 
16 166 0 
17 167 0 
18 168 0 
19 169 0 
20 170 0 
21 171 0 
22 172 0 
23 173 0 
24 174 0 
25 175 0 
26 176 0 
27 177 0 
28 178 0 
29 179 0 
30 180 0 
31 181 0 
32 182 0 
33 183 0 
34 184 0 
35 185 0 
36 186 0 
37 187 0 
38 188 0 
39 189 0 
40 190 0 
41 191 0 
42 192 0 
43 193 0 
44 194 0 
45 195 0 
46 196 0 
47 197 0 
48 198 0 
49 199 0 
50 200 0 
51 201 0 
52 202 0 
53 203 0 
54 204 0 
55 205 0 
56 206 0 
57 207 0 
58 208 0 
59 209 0 
60 210 0 
61 211 0 
62 212 0 
63 213 0 
64 214 0 
65 215 0 
66 216 0 
67 217 0 
68 218 0 
69 219 0 
70 220 0 
71 221 0 
72 222 0 
73 223 0 
74 224 0 
75 225 0 
76 226 0 
77 227 0 
78 228 0 
79 229 0 
80 230 0 
81 231 0 
82 232 0 
83 233 0 
84 234 0 
85 235 0 
86 236 10 
87 237 0 
88 238 0 
89 239 0 
90 240 0 
91 241 0 
92 242 0 
93 243 0 
94 244 0 
95 245 0 
96 246 0 
97 247 0 
98 248 0 
99 249 0 
100 250 0 
101 251 0 
102 252 0 
103 253 0 
104 254 0 
105 255 0 
106 256 0 
107 257 0 
108 258 0 
109 259 0 
110 260 0 
111 261 0 
112 262 0 
113 263 0 
114 264 0 
115 265 0 
116 266 0 
117 267 0 
118 268 0 
119 269 0 
120 270 0 
121 271 0 
122 272 0 
123 273 0 
124 274 0 
125 275 0 
126 276 0 
127 277 0 
128 278 0 
129 279 0 
130 280 0 
131 281 0 
132 282 0 
133 283 0 
134 284 0 
135 285 0 
136 286 0 
137 287 0 
138 288 10 
139 289 0 
140 290 0 
141 291 0 
142 292 0 
143 293 0 
144 294 0 
145 295 0 
146 296 0 
147 297 0 
148 298 0 
149 299 0 
150 300 0 
151 301 0 
152 302 0 
153 1 0 
154 1 0 
155 1 0 
156 1 0 
157 1 0 
158 1 0 
159 1 0 
160 1 0 
161 1 0 
162 1 0 
163 1 0 
164 1 0 
165 1 0 
166 1 0 
167 1 0 
168 1 0 
169 1 0 
170 1 0 
171 1 0 
172 1 0 
173 1 0 
174 1 0 
175 1 0 
176 1 0 
177 1 0 
178 1 0 
179 1 0 
180 1 0 
181 1 0 
182 1 0 
183 1 0 
184 1 0 
185 1 0 
186 1 0 
187 1 0 
188 1 0 
189 1 0 
190 1 0 
191 1 0 
192 1 0 
193 1 0 
194 1 0 
195 1 0 
196 1 0 
197 1 0 
198 1 0 
199 1 0 
200 1 0 
201 1 0 
202 1 0 
203 1 0 
203 114 0 
203 115 0 
203 149 0 
203 151 0 
203 104 0 
203 103 0 
204 1 0 
204 148 0 
204 149 0 
204 126 0 
204 150 0 
204 127 0 
204 151 0 
204 152 0 
204 103 0 
204 105 0 
204 106 0 
204 107 0 
204 109 0 
204 110 0 
204 111 0 
204 112 0 
204 118 0 
204 119 0 
204 120 0 
204 121 0 
204 124 0 
204 128 0 
204 137 0 
204 125 0 
204 104 0 
204 115 0 
205 1 0 
205 128 0 
205 109 0 
205 129 0 
205 111 0 
205 130 0 
205 132 0 
205 115 0 
205 133 0 
205 119 0 
205 108 0 
205 120 0 
205 121 0 
205 138 0 
205 139 0 
205 124 0 
205 141 0 
205 125 0 
205 143 0 
205 126 0 
205 144 0 
205 127 0 
205 145 0 
205 149 0 
205 151 0 
205 104 0 
205 137 0 
205 148 0 
205 113 0 
205 150 0 
205 110 0 
205 152 0 
205 112 0 
205 105 0 
205 106 0 
205 107 0 
206 1 0 
206 139 0 
206 120 0 
206 141 0 
206 143 0 
206 121 0 
206 144 0 
206 145 0 
206 125 0 
206 149 0 
206 126 0 
206 151 0 
206 152 0 
206 127 0 
206 128 0 
206 129 0 
206 130 0 
206 109 0 
206 110 0 
206 132 0 
206 133 0 
206 111 0 
206 112 0 
206 119 0 
206 137 0 
206 115 0 
206 138 0 
206 108 0 
206 148 0 
206 105 0 
206 106 0 
206 113 0 
206 107 0 
206 150 0 
207 1 0 
207 138 0 
207 112 0 
207 139 0 
207 141 0 
207 115 0 
207 143 0 
207 144 0 
207 145 0 
207 119 0 
207 120 0 
207 121 0 
207 148 0 
207 124 0 
207 149 0 
207 125 0 
207 150 0 
207 128 0 
207 129 0 
207 151 0 
207 130 0 
207 132 0 
207 152 0 
207 126 0 
207 127 0 
207 133 0 
207 111 0 
207 109 0 
207 137 0 
207 110 0 
207 107 0 
207 106 0 
207 108 0 
207 113 0 
207 105 0 
208 1 0 
208 111 0 
208 137 0 
208 112 0 
208 138 0 
208 139 0 
208 144 0 
208 148 0 
208 149 0 
208 115 0 
208 119 0 
208 120 0 
208 121 0 
208 126 0 
208 150 0 
208 127 0 
208 128 0 
208 151 0 
208 129 0 
208 152 0 
208 130 0 
208 105 0 
208 132 0 
208 133 0 
208 109 0 
208 110 0 
208 107 0 
208 108 0 
208 106 0 
208 113 0 
209 1 0 
209 118 0 
209 119 0 
209 139 0 
209 141 0 
209 122 0 
209 143 0 
209 123 0 
209 148 0 
209 124 0 
209 149 0 
209 125 0 
209 126 0 
209 150 0 
209 127 0 
209 151 0 
209 129 0 
209 104 0 
209 105 0 
209 106 0 
209 128 0 
209 107 0 
209 108 0 
209 138 0 
209 130 0 
209 132 0 
209 133 0 
209 135 0 
209 136 0 
209 113 0 
209 114 0 
209 115 0 
209 137 0 
209 116 0 
209 117 0 
209 121 0 
209 109 0 
209 110 0 
209 152 0 
209 111 0 
209 120 0 
209 112 0 
210 1 0 
210 148 0 
210 149 0 
210 125 0 
210 151 0 
210 126 0 
210 104 0 
210 127 0 
210 106 0 
210 128 0 
210 108 0 
210 124 0 
210 130 0 
210 111 0 
210 132 0 
210 133 0 
210 129 0 
210 136 0 
210 115 0 
210 137 0 
210 116 0 
210 138 0 
210 139 0 
210 117 0 
210 118 0 
210 119 0 
210 141 0 
210 143 0 
210 120 0 
210 144 0 
210 145 0 
210 146 0 
210 123 0 
210 110 0 
210 113 0 
210 107 0 
210 152 0 
210 105 0 
210 121 0 
210 109 0 
210 150 0 
210 112 0 
211 1 0 
211 125 0 
211 152 0 
211 127 0 
211 103 0 
211 104 0 
211 128 0 
211 109 0 
211 124 0 
211 110 0 
211 111 0 
211 130 0 
211 112 0 
211 131 0 
211 134 0 
211 115 0 
211 135 0 
211 140 0 
211 118 0 
211 142 0 
211 119 0 
211 120 0 
211 149 0 
211 121 0 
211 151 0 
211 123 0 
211 116 0 
211 122 0 
211 114 0 
211 117 0 
212 1 0 
212 152 0 
212 135 0 
212 126 0 
212 128 0 
212 104 0 
212 105 0 
212 106 0 
212 125 0 
212 107 0 
212 132 0 
212 108 0 
212 133 0 
212 129 0 
212 136 0 
212 137 0 
212 114 0 
212 138 0 
212 115 0 
212 116 0 
212 139 0 
212 141 0 
212 117 0 
212 143 0 
212 144 0 
212 118 0 
212 119 0 
212 145 0 
212 146 0 
212 148 0 
212 122 0 
212 149 0 
212 123 0 
212 150 0 
212 124 0 
212 151 0 
212 120 0 
212 112 0 
212 121 0 
212 113 0 
212 110 0 
212 127 0 
212 109 0 
212 111 0 
212 130 0 
213 1 0 
213 123 0 
213 148 0 
213 149 0 
213 124 0 
213 150 0 
213 125 0 
213 126 0 
213 151 0 
213 128 0 
213 127 0 
213 152 0 
213 135 0 
213 146 0 
213 105 0 
213 130 0 
213 106 0 
213 132 0 
213 107 0 
213 108 0 
213 133 0 
213 129 0 
213 136 0 
213 111 0 
213 114 0 
213 115 0 
213 137 0 
213 116 0 
213 138 0 
213 117 0 
213 118 0 
213 139 0 
213 119 0 
213 120 0 
213 141 0 
213 143 0 
213 144 0 
213 145 0 
213 122 0 
213 109 0 
213 112 0 
213 113 0 
213 121 0 
213 110 0 
214 1 0 
214 128 0 
214 119 0 
214 130 0 
214 120 0 
214 121 0 
214 131 0 
214 132 0 
214 124 0 
214 133 0 
214 134 0 
214 125 0 
214 135 0 
214 127 0 
214 136 0 
214 140 0 
214 142 0 
214 149 0 
214 151 0 
214 152 0 
214 109 0 
214 110 0 
214 111 0 
214 112 0 
214 115 0 
214 117 0 
214 116 0 
214 123 0 
214 118 0 
214 114 0 
214 122 0 
215 1 0 
215 152 0 
215 104 0 
215 105 0 
215 106 0 
215 107 0 
215 108 0 
215 109 0 
215 110 0 
215 111 0 
215 112 0 
215 113 0 
215 116 0 
215 128 0 
215 118 0 
215 119 0 
215 151 0 
215 120 0 
215 130 0 
215 121 0 
215 123 0 
215 124 0 
215 125 0 
215 136 0 
215 127 0 
215 137 0 
215 148 0 
215 149 0 
215 150 0 
215 126 0 
215 115 0 
216 1 0 
216 151 0 
216 152 0 
216 104 0 
216 131 0 
216 135 0 
216 109 0 
216 132 0 
216 110 0 
216 111 0 
216 133 0 
216 112 0 
216 113 0 
216 115 0 
216 134 0 
216 130 0 
216 136 0 
216 120 0 
216 121 0 
216 138 0 
216 140 0 
216 128 0 
216 142 0 
216 127 0 
216 129 0 
216 149 0 
216 123 0 
216 119 0 
216 114 0 
216 124 0 
216 125 0 
216 117 0 
216 118 0 
216 116 0 
216 122 0 
217 1 0 
217 112 0 
217 113 0 
217 130 0 
217 131 0 
217 114 0 
217 132 0 
217 115 0 
217 133 0 
217 134 0 
217 135 0 
217 136 0 
217 129 0 
217 138 0 
217 140 0 
217 142 0 
217 120 0 
217 149 0 
217 150 0 
217 121 0 
217 122 0 
217 151 0 
217 152 0 
217 104 0 
217 105 0 
217 107 0 
217 109 0 
217 110 0 
217 126 0 
217 128 0 
217 127 0 
217 111 0 
217 116 0 
217 123 0 
217 118 0 
217 125 0 
217 119 0 
217 117 0 
217 124 0 
218 1 0 
218 121 0 
218 151 0 
218 150 0 
218 152 0 
218 130 0 
218 131 0 
218 122 0 
218 135 0 
218 132 0 
218 133 0 
218 134 0 
218 104 0 
218 105 0 
218 129 0 
218 106 0 
218 107 0 
218 126 0 
218 108 0 
218 136 0 
218 109 0 
218 110 0 
218 137 0 
218 138 0 
218 139 0 
218 112 0 
218 113 0 
218 114 0 
218 140 0 
218 115 0 
218 141 0 
218 142 0 
218 117 0 
218 147 0 
218 148 0 
218 149 0 
218 116 0 
218 125 0 
218 127 0 
218 128 0 
218 111 0 
218 118 0 
218 124 0 
218 119 0 
218 123 0 
218 120 0 
219 1 0 
219 114 0 
219 138 0 
219 139 0 
219 115 0 
219 140 0 
219 117 0 
219 141 0 
219 142 0 
219 143 0 
219 147 0 
219 121 0 
219 149 0 
219 122 0 
219 150 0 
219 151 0 
219 152 0 
219 136 0 
219 135 0 
219 104 0 
219 105 0 
219 130 0 
219 126 0 
219 106 0 
219 107 0 
219 131 0 
219 132 0 
219 109 0 
219 133 0 
219 110 0 
219 111 0 
219 112 0 
219 134 0 
219 129 0 
219 113 0 
219 123 0 
219 118 0 
219 125 0 
219 128 0 
219 124 0 
219 116 0 
219 119 0 
219 127 0 
219 120 0 
220 1 0 
220 151 0 
220 133 0 
220 152 0 
220 134 0 
220 135 0 
220 122 0 
220 104 0 
220 129 0 
220 136 0 
220 123 0 
220 105 0 
220 137 0 
220 106 0 
220 138 0 
220 126 0 
220 107 0 
220 139 0 
220 108 0 
220 140 0 
220 109 0 
220 110 0 
220 141 0 
220 142 0 
220 143 0 
220 112 0 
220 113 0 
220 145 0 
220 147 0 
220 114 0 
220 148 0 
220 115 0 
220 130 0 
220 116 0 
220 117 0 
220 149 0 
220 131 0 
220 132 0 
220 118 0 
220 150 0 
220 111 0 
220 120 0 
220 124 0 
220 125 0 
220 127 0 
220 128 0 
220 121 0 
220 119 0 
221 1 0 
221 138 0 
221 105 0 
221 139 0 
221 140 0 
221 141 0 
221 122 0 
221 106 0 
221 107 0 
221 142 0 
221 123 0 
221 143 0 
221 108 0 
221 124 0 
221 144 0 
221 145 0 
221 110 0 
221 125 0 
221 126 0 
221 146 0 
221 132 0 
221 147 0 
221 113 0 
221 148 0 
221 149 0 
221 114 0 
221 133 0 
221 150 0 
221 134 0 
221 115 0 
221 129 0 
221 116 0 
221 151 0 
221 136 0 
221 152 0 
221 137 0 
221 135 0 
221 117 0 
221 118 0 
221 104 0 
221 112 0 
221 109 0 
221 111 0 
221 127 0 
221 128 0 
221 121 0 
221 119 0 
221 130 0 
221 120 0 
222 1 0 
222 150 0 
222 113 0 
222 114 0 
222 151 0 
222 115 0 
222 137 0 
222 116 0 
222 152 0 
222 117 0 
222 135 0 
222 138 0 
222 118 0 
222 139 0 
222 104 0 
222 140 0 
222 105 0 
222 106 0 
222 141 0 
222 112 0 
222 142 0 
222 107 0 
222 143 0 
222 108 0 
222 131 0 
222 144 0 
222 122 0 
222 132 0 
222 123 0 
222 109 0 
222 145 0 
222 133 0 
222 110 0 
222 134 0 
222 129 0 
222 146 0 
222 136 0 
222 147 0 
222 148 0 
222 126 0 
222 149 0 
222 130 0 
222 125 0 
222 119 0 
222 121 0 
222 111 0 
222 124 0 
222 128 0 
222 127 0 
222 120 0 
223 1 0 
223 105 0 
223 127 0 
223 130 0 
223 132 0 
223 106 0 
223 108 0 
223 133 0 
223 109 0 
223 110 0 
223 128 0 
223 111 0 
223 136 0 
223 137 0 
223 112 0 
223 138 0 
223 115 0 
223 139 0 
223 116 0 
223 141 0 
223 143 0 
223 118 0 
223 144 0 
223 145 0 
223 119 0 
223 120 0 
223 146 0 
223 121 0 
223 123 0 
223 148 0 
223 149 0 
223 150 0 
223 124 0 
223 125 0 
223 152 0 
223 126 0 
223 129 0 
223 113 0 
223 107 0 
224 1 0 
224 128 0 
224 105 0 
224 106 0 
224 107 0 
224 130 0 
224 132 0 
224 108 0 
224 133 0 
224 109 0 
224 110 0 
224 152 0 
224 111 0 
224 136 0 
224 112 0 
224 137 0 
224 138 0 
224 118 0 
224 119 0 
224 139 0 
224 120 0 
224 141 0 
224 143 0 
224 144 0 
224 145 0 
224 121 0 
224 146 0 
224 123 0 
224 124 0 
224 125 0 
224 148 0 
224 126 0 
224 150 0 
224 127 0 
224 113 0 
224 129 0 
225 1 0 
225 121 0 
225 128 0 
225 130 0 
225 131 0 
225 132 0 
225 134 0 
225 135 0 
225 136 0 
225 140 0 
225 142 0 
225 149 0 
225 151 0 
225 109 0 
225 111 0 
225 124 0 
225 112 0 
225 125 0 
225 119 0 
225 120 0 
225 127 0 
225 123 0 
225 117 0 
225 118 0 
225 122 0 
225 114 0 
225 116 0 
226 1 0 
226 149 0 
226 124 0 
226 125 0 
226 151 0 
226 104 0 
226 127 0 
226 105 0 
226 106 0 
226 128 0 
226 129 0 
226 130 0 
226 132 0 
226 107 0 
226 133 0 
226 121 0 
226 108 0 
226 138 0 
226 141 0 
226 109 0 
226 110 0 
226 111 0 
226 112 0 
226 113 0 
226 115 0 
226 119 0 
226 120 0 
226 126 0 
226 148 0 
226 137 0 
226 152 0 
226 150 0 
227 1 0 
227 111 0 
227 138 0 
227 139 0 
227 140 0 
227 141 0 
227 112 0 
227 113 0 
227 142 0 
227 114 0 
227 115 0 
227 143 0 
227 145 0 
227 147 0 
227 116 0 
227 149 0 
227 117 0 
227 110 0 
227 150 0 
227 118 0 
227 130 0 
227 151 0 
227 152 0 
227 131 0 
227 135 0 
227 120 0 
227 104 0 
227 132 0 
227 121 0 
227 105 0 
227 122 0 
227 133 0 
227 106 0 
227 107 0 
227 134 0 
227 109 0 
227 126 0 
227 129 0 
227 136 0 
227 128 0 
227 119 0 
227 124 0 
227 127 0 
227 125 0 
227 123 0 
228 1 0 
228 119 0 
228 128 0 
228 120 0 
228 130 0 
228 121 0 
228 132 0 
228 133 0 
228 134 0 
228 123 0 
228 135 0 
228 124 0 
228 125 0 
228 127 0 
228 136 0 
228 140 0 
228 142 0 
228 149 0 
228 151 0 
228 111 0 
228 118 0 
228 131 0 
228 122 0 
228 114 0 
228 116 0 
228 117 0 
229 1 0 
229 129 0 
229 111 0 
229 136 0 
229 138 0 
229 112 0 
229 139 0 
229 113 0 
229 140 0 
229 114 0 
229 115 0 
229 141 0 
229 142 0 
229 116 0 
229 143 0 
229 144 0 
229 117 0 
229 118 0 
229 119 0 
229 145 0 
229 146 0 
229 120 0 
229 147 0 
229 121 0 
229 122 0 
229 149 0 
229 150 0 
229 123 0 
229 124 0 
229 151 0 
229 126 0 
229 152 0 
229 131 0 
229 135 0 
229 105 0 
229 132 0 
229 106 0 
229 133 0 
229 107 0 
229 109 0 
229 134 0 
229 110 0 
229 128 0 
229 127 0 
229 125 0 
229 130 0 
230 1 0 
230 123 0 
230 124 0 
230 148 0 
230 149 0 
230 125 0 
230 150 0 
230 126 0 
230 151 0 
230 134 0 
230 152 0 
230 135 0 
230 105 0 
230 129 0 
230 136 0 
230 106 0 
230 137 0 
230 107 0 
230 108 0 
230 109 0 
230 110 0 
230 139 0 
230 111 0 
230 140 0 
230 141 0 
230 113 0 
230 142 0 
230 115 0 
230 143 0 
230 116 0 
230 144 0 
230 117 0 
230 118 0 
230 145 0 
230 119 0 
230 120 0 
230 146 0 
230 131 0 
230 122 0 
230 147 0 
230 132 0 
230 138 0 
230 130 0 
230 133 0 
230 121 0 
230 127 0 
230 128 0 
230 112 0 
231 1 0 
231 122 0 
231 128 0 
231 123 0 
231 120 0 
231 124 0 
231 125 0 
231 130 0 
231 127 0 
231 132 0 
231 133 0 
231 134 0 
231 135 0 
231 136 0 
231 138 0 
231 140 0 
231 142 0 
231 114 0 
231 116 0 
231 117 0 
231 118 0 
231 119 0 
231 131 0 
232 1 0 
232 108 0 
232 140 0 
232 109 0 
232 110 0 
232 111 0 
232 142 0 
232 112 0 
232 143 0 
232 144 0 
232 113 0 
232 116 0 
232 128 0 
232 118 0 
232 129 0 
232 145 0 
232 130 0 
232 119 0 
232 146 0 
232 120 0 
232 147 0 
232 134 0 
232 121 0 
232 148 0 
232 150 0 
232 123 0 
232 124 0 
232 135 0 
232 136 0 
232 152 0 
232 125 0 
232 105 0 
232 126 0 
232 137 0 
232 127 0 
232 106 0 
232 107 0 
232 132 0 
232 139 0 
232 133 0 
232 138 0 
232 141 0 
233 1 0 
233 109 0 
233 110 0 
233 111 0 
233 131 0 
233 112 0 
233 114 0 
233 132 0 
233 115 0 
233 133 0 
233 116 0 
233 134 0 
233 130 0 
233 117 0 
233 118 0 
233 119 0 
233 120 0 
233 121 0 
233 138 0 
233 122 0 
233 139 0 
233 140 0 
233 123 0 
233 124 0 
233 141 0 
233 125 0 
233 142 0 
233 127 0 
233 143 0 
233 144 0 
233 145 0 
233 146 0 
233 147 0 
233 128 0 
233 129 0 
233 149 0 
233 151 0 
233 152 0 
233 136 0 
233 135 0 
234 1 0 
234 134 0 
234 116 0 
234 117 0 
234 138 0 
234 118 0 
234 139 0 
234 119 0 
234 140 0 
234 120 0 
234 141 0 
234 121 0 
234 122 0 
234 142 0 
234 123 0 
234 124 0 
234 143 0 
234 125 0 
234 127 0 
234 144 0 
234 145 0 
234 146 0 
234 147 0 
234 149 0 
234 152 0 
234 109 0 
234 128 0 
234 110 0 
234 129 0 
234 111 0 
234 130 0 
234 112 0 
234 131 0 
234 113 0 
234 132 0 
234 133 0 
234 115 0 
234 136 0 
234 135 0 
235 1 0 
235 126 0 
235 127 0 
235 143 0 
235 144 0 
235 145 0 
235 146 0 
235 147 0 
235 148 0 
235 150 0 
235 128 0 
235 152 0 
235 129 0 
235 125 0 
235 105 0 
235 130 0 
235 106 0 
235 107 0 
235 108 0 
235 109 0 
235 110 0 
235 134 0 
235 135 0 
235 111 0 
235 112 0 
235 137 0 
235 113 0 
235 116 0 
235 118 0 
235 140 0 
235 119 0 
235 120 0 
235 121 0 
235 123 0 
235 142 0 
235 124 0 
235 133 0 
235 138 0 
235 136 0 
235 141 0 
235 132 0 
235 139 0 
236 1 0 
236 105 0 
236 106 0 
236 107 0 
236 108 0 
236 109 0 
236 128 0 
236 110 0 
236 129 0 
236 111 0 
236 130 0 
236 112 0 
236 113 0 
236 134 0 
236 118 0 
236 135 0 
236 136 0 
236 119 0 
236 120 0 
236 121 0 
236 137 0 
236 123 0 
236 140 0 
236 124 0 
236 142 0 
236 144 0 
236 125 0 
236 145 0 
236 126 0 
236 146 0 
236 127 0 
236 147 0 
236 148 0 
236 150 0 
236 152 0 
236 132 0 
236 141 0 
236 133 0 
236 143 0 
236 138 10 
236 139 0 
237 1 0 
237 110 0 
237 129 0 
237 130 0 
237 111 0 
237 112 0 
237 113 0 
237 115 0 
237 119 0 
237 120 0 
237 132 0 
237 133 0 
237 121 0 
237 109 0 
237 127 0 
237 138 0 
237 139 0 
237 141 0 
237 149 0 
237 151 0 
237 152 0 
237 104 0 
237 106 0 
237 107 0 
237 108 0 
237 128 0 
237 148 0 
237 105 0 
237 150 0 
237 126 0 
237 137 0 
238 1 0 
238 107 0 
238 132 0 
238 148 0 
238 134 0 
238 150 0 
238 105 0 
238 147 0 
238 128 0 
238 106 0 
238 129 0 
238 136 0 
238 135 0 
238 108 0 
238 137 0 
238 109 0 
238 140 0 
238 110 0 
238 111 0 
238 142 0 
238 112 0 
238 143 0 
238 113 0 
238 119 0 
238 120 0 
238 121 0 
238 125 0 
238 127 0 
238 146 0 
238 130 0 
238 139 0 
238 145 0 
238 141 0 
238 138 0 
238 144 0 
238 133 0 
239 1 0 
239 116 0 
239 117 0 
239 118 0 
239 135 0 
239 119 0 
239 136 0 
239 120 0 
239 122 0 
239 138 0 
239 123 0 
239 139 0 
239 124 0 
239 141 0 
239 142 0 
239 125 0 
239 127 0 
239 143 0 
239 144 0 
239 145 0 
239 128 0 
239 146 0 
239 130 0 
239 147 0 
239 131 0 
239 132 0 
239 133 0 
239 114 0 
239 140 0 
239 134 0 
240 1 0 
240 143 0 
240 144 0 
240 145 0 
240 146 0 
240 147 0 
240 111 0 
240 114 0 
240 116 0 
240 117 0 
240 118 0 
240 119 0 
240 120 0 
240 128 0 
240 122 0 
240 130 0 
240 131 0 
240 132 0 
240 123 0 
240 133 0 
240 124 0 
240 125 0 
240 135 0 
240 127 0 
240 136 0 
240 138 0 
240 139 0 
240 141 0 
240 134 0 
240 140 0 
240 142 0 
241 1 0 
241 148 0 
241 150 0 
241 152 0 
241 137 0 
241 136 0 
241 105 0 
241 140 0 
241 106 0 
241 107 0 
241 108 0 
241 109 0 
241 142 0 
241 110 0 
241 111 0 
241 112 0 
241 113 0 
241 119 0 
241 120 0 
241 121 0 
241 124 0 
241 125 0 
241 128 0 
241 127 0 
241 129 0 
241 130 0 
241 146 0 
241 134 0 
241 147 0 
241 135 0 
241 141 0 
241 144 0 
241 143 0 
241 132 0 
241 133 0 
241 139 0 
241 138 0 
241 145 0 
242 1 0 
242 107 0 
242 135 0 
242 132 0 
242 108 0 
242 134 0 
242 109 0 
242 130 0 
242 136 0 
242 110 0 
242 111 0 
242 112 0 
242 113 0 
242 120 0 
242 140 0 
242 121 0 
242 125 0 
242 142 0 
242 127 0 
242 146 0 
242 147 0 
242 148 0 
242 128 0 
242 150 0 
242 129 0 
242 105 0 
242 106 0 
242 133 0 
242 141 0 
242 138 0 
242 139 0 
242 143 0 
242 144 0 
242 145 0 
243 1 0 
243 138 0 
243 139 0 
243 141 0 
243 143 0 
243 128 0 
243 144 0 
243 145 0 
243 146 0 
243 147 0 
243 127 0 
243 130 0 
243 151 0 
243 111 0 
243 131 0 
243 116 0 
243 132 0 
243 117 0 
243 118 0 
243 133 0 
243 119 0 
243 120 0 
243 134 0 
243 122 0 
243 123 0 
243 124 0 
243 125 0 
243 136 0 
243 142 0 
243 140 0 
243 135 0 
244 1 0 
244 106 0 
244 135 0 
244 128 0 
244 109 0 
244 129 0 
244 110 0 
244 111 0 
244 112 0 
244 130 0 
244 113 0 
244 119 0 
244 120 0 
244 107 0 
244 132 0 
244 121 0 
244 134 0 
244 124 0 
244 105 0 
244 136 0 
244 139 0 
244 140 0 
244 125 0 
244 127 0 
244 142 0 
244 147 0 
244 150 0 
244 141 0 
244 143 0 
244 144 0 
244 145 0 
244 146 0 
244 138 0 
244 133 0 
245 1 0 
245 135 0 
245 107 0 
245 109 0 
245 132 0 
245 110 0 
245 133 0 
245 134 0 
245 111 0 
245 130 0 
245 136 0 
245 112 0 
245 139 0 
245 113 0 
245 140 0 
245 142 0 
245 120 0 
245 121 0 
245 125 0 
245 127 0 
245 147 0 
245 150 0 
245 128 0 
245 105 0 
245 129 0 
245 143 0 
245 146 0 
245 138 0 
245 141 0 
245 144 0 
245 145 0 
246 1 0 
246 124 0 
246 135 0 
246 125 0 
246 136 0 
246 138 0 
246 127 0 
246 139 0 
246 140 0 
246 141 0 
246 142 0 
246 143 0 
246 144 0 
246 128 0 
246 145 0 
246 134 0 
246 146 0 
246 111 0 
246 130 0 
246 119 0 
246 132 0 
246 120 0 
246 133 0 
246 147 0 
247 1 0 
247 110 0 
247 112 0 
247 113 0 
247 128 0 
247 121 0 
247 129 0 
247 130 0 
247 132 0 
247 133 0 
247 135 0 
247 136 0 
247 138 0 
247 139 0 
247 140 0 
247 141 0 
247 142 0 
247 147 0 
247 143 0 
247 144 0 
247 145 0 
247 146 0 
248 1 0 
248 149 0 
248 121 0 
248 126 0 
248 127 0 
248 128 0 
248 151 0 
248 129 0 
248 130 0 
248 132 0 
248 133 0 
248 120 0 
248 152 0 
248 104 0 
248 138 0 
248 139 0 
248 108 0 
248 109 0 
248 110 0 
248 111 0 
248 141 0 
248 112 0 
248 113 0 
248 144 0 
248 115 0 
248 119 0 
248 137 0 
248 107 0 
248 150 0 
248 105 0 
248 148 0 
248 106 0 
249 1 0 
249 120 0 
249 121 0 
249 151 0 
249 124 0 
249 128 0 
249 152 0 
249 129 0 
249 130 0 
249 104 0 
249 125 0 
249 132 0 
249 108 0 
249 109 0 
249 133 0 
249 111 0 
249 149 0 
249 127 0 
249 113 0 
249 138 0 
249 139 0 
249 141 0 
249 143 0 
249 115 0 
249 144 0 
249 145 0 
249 119 0 
249 137 0 
249 106 0 
249 110 0 
249 107 0 
249 150 0 
249 112 0 
249 105 0 
249 148 0 
249 126 0 
250 1 0 
250 127 0 
250 148 0 
250 112 0 
250 113 0 
250 150 0 
250 114 0 
250 115 0 
250 152 0 
250 116 0 
250 117 0 
250 104 0 
250 118 0 
250 119 0 
250 105 0 
250 120 0 
250 106 0 
250 128 0 
250 121 0 
250 111 0 
250 122 0 
250 130 0 
250 107 0 
250 135 0 
250 123 0 
250 108 0 
250 124 0 
250 136 0 
250 125 0 
250 137 0 
250 126 0 
250 109 0 
250 110 0 
250 151 0 
250 149 0 
251 1 0 
251 128 0 
251 111 0 
251 112 0 
251 110 0 
251 130 0 
251 135 0 
251 136 0 
251 113 0 
251 137 0 
251 114 0 
251 142 0 
251 115 0 
251 148 0 
251 116 0 
251 150 0 
251 117 0 
251 152 0 
251 104 0 
251 118 0 
251 119 0 
251 105 0 
251 120 0 
251 121 0 
251 122 0 
251 106 0 
251 123 0 
251 124 0 
251 107 0 
251 125 0 
251 126 0 
251 108 0 
251 109 0 
251 127 0 
251 151 0 
251 149 0 
252 1 0 
252 107 0 
252 128 0 
252 108 0 
252 130 0 
252 132 0 
252 110 0 
252 133 0 
252 111 0 
252 129 0 
252 112 0 
252 113 0 
252 136 0 
252 115 0 
252 137 0 
252 116 0 
252 138 0 
252 117 0 
252 141 0 
252 118 0 
252 148 0 
252 119 0 
252 120 0 
252 150 0 
252 121 0 
252 151 0 
252 123 0 
252 124 0 
252 104 0 
252 125 0 
252 105 0 
252 106 0 
252 127 0 
252 109 0 
252 152 0 
252 126 0 
252 149 0 
253 1 0 
254 1 0 
255 1 0 
256 1 0 
257 1 0 
258 1 0 
259 1 0 
260 1 0 
261 1 0 
262 1 0 
263 1 0 
264 1 0 
265 1 0 
266 1 0 
267 1 0 
268 1 0 
269 1 0 
270 1 0 
271 1 0 
272 1 0 
273 1 0 
274 1 0 
275 1 0 
276 1 0 
277 1 0 
278 1 0 
279 1 0 
280 1 0 
281 1 0 
282 1 0 
283 1 0 
284 1 0 
285 1 0 
286 1 0 
287 1 0 
288 1 10 
289 1 0 
290 1 0 
291 1 0 
292 1 0 
293 1 0 
294 1 0 
295 1 0 
296 1 0 
297 1 0 
298 1 0 
299 1 0 
300 1 0 
301 1 0 
302 1 0 
